# JRE version: OpenJDK Runtime Environment AdoptOpenJDK-11.0.11+9 (11.0.11+9) (build 11.0.11+9)
# Java VM: OpenJDK 64-Bit Server VM AdoptOpenJDK-11.0.11+9 (11.0.11+9, mixed mode, tiered, compressed oops, g1 gc, bsd-amd64)
Heap:
 garbage-first heap   total 139264K, used 75153K [0x0000000380000000, 0x0000000800000000)
  region size 4096K, 6 young (24576K), 2 survivors (8192K)
 Metaspace       used 84847K, capacity 88169K, committed 88408K, reserved 1126400K
  class space    used 11123K, capacity 12295K, committed 12416K, reserved 1048576K
GC Heap History (20 events):
Event: 541.348 GC heap before
{Heap before GC invocations=35 (full 7):
 garbage-first heap   total 139264K, used 107326K [0x0000000380000000, 0x0000000800000000)
  region size 4096K, 14 young (57344K), 1 survivors (4096K)
 Metaspace       used 83796K, capacity 87052K, committed 87256K, reserved 1124352K
  class space    used 11035K, capacity 12203K, committed 12288K, reserved 1048576K
}
Event: 541.350 GC heap after
{Heap after GC invocations=36 (full 7):
 garbage-first heap   total 139264K, used 56495K [0x0000000380000000, 0x0000000800000000)
  region size 4096K, 2 young (8192K), 2 survivors (8192K)
 Metaspace       used 83796K, capacity 87052K, committed 87256K, reserved 1124352K
  class space    used 11035K, capacity 12203K, committed 12288K, reserved 1048576K
}
Event: 552.159 GC heap before
{Heap before GC invocations=36 (full 7):
 garbage-first heap   total 139264K, used 72879K [0x0000000380000000, 0x0000000800000000)
  region size 4096K, 7 young (28672K), 2 survivors (8192K)
 Metaspace       used 83915K, capacity 87073K, committed 87256K, reserved 1124352K
  class space    used 11047K, capacity 12209K, committed 12288K, reserved 1048576K
}
Event: 552.246 GC heap after
{Heap after GC invocations=37 (full 8):
 garbage-first heap   total 139264K, used 52910K [0x0000000380000000, 0x0000000800000000)
  region size 4096K, 0 young (0K), 0 survivors (0K)
 Metaspace       used 83907K, capacity 87061K, committed 87256K, reserved 1124352K
  class space    used 11046K, capacity 12207K, committed 12288K, reserved 1048576K
}
Event: 552.445 GC heap before
{Heap before GC invocations=37 (full 8):
 garbage-first heap   total 139264K, used 106158K [0x0000000380000000, 0x0000000800000000)
  region size 4096K, 13 young (53248K), 0 survivors (0K)
 Metaspace       used 83998K, capacity 87181K, committed 87256K, reserved 1124352K
  class space    used 11058K, capacity 12247K, committed 12288K, reserved 1048576K
}
Event: 552.448 GC heap after
{Heap after GC invocations=38 (full 8):
 garbage-first heap   total 139264K, used 55986K [0x0000000380000000, 0x0000000800000000)
  region size 4096K, 1 young (4096K), 1 survivors (4096K)
 Metaspace       used 83998K, capacity 87181K, committed 87256K, reserved 1124352K
  class space    used 11058K, capacity 12247K, committed 12288K, reserved 1048576K
}
Event: 552.521 GC heap before
{Heap before GC invocations=38 (full 8):
 garbage-first heap   total 139264K, used 101042K [0x0000000380000000, 0x0000000800000000)
  region size 4096K, 13 young (53248K), 1 survivors (4096K)
 Metaspace       used 84010K, capacity 87245K, committed 87512K, reserved 1124352K
  class space    used 11060K, capacity 12247K, committed 12288K, reserved 1048576K
}
Event: 552.523 GC heap after
{Heap after GC invocations=39 (full 8):
 garbage-first heap   total 139264K, used 56685K [0x0000000380000000, 0x0000000800000000)
  region size 4096K, 1 young (4096K), 1 survivors (4096K)
 Metaspace       used 84010K, capacity 87245K, committed 87512K, reserved 1124352K
  class space    used 11060K, capacity 12247K, committed 12288K, reserved 1048576K
}
Event: 552.727 GC heap before
{Heap before GC invocations=39 (full 8):
 garbage-first heap   total 139264K, used 105837K [0x0000000380000000, 0x0000000800000000)
  region size 4096K, 13 young (53248K), 1 survivors (4096K)
 Metaspace       used 84274K, capacity 87443K, committed 87512K, reserved 1124352K
  class space    used 11075K, capacity 12248K, committed 12288K, reserved 1048576K
}
Event: 552.730 GC heap after
{Heap after GC invocations=40 (full 8):
 garbage-first heap   total 139264K, used 58240K [0x0000000380000000, 0x0000000800000000)
  region size 4096K, 2 young (8192K), 2 survivors (8192K)
 Metaspace       used 84274K, capacity 87443K, committed 87512K, reserved 1124352K
  class space    used 11075K, capacity 12248K, committed 12288K, reserved 1048576K
}
Event: 563.268 GC heap before
{Heap before GC invocations=40 (full 8):
 garbage-first heap   total 139264K, used 91008K [0x0000000380000000, 0x0000000800000000)
  region size 4096K, 11 young (45056K), 2 survivors (8192K)
 Metaspace       used 84303K, capacity 87519K, committed 87768K, reserved 1124352K
  class space    used 11078K, capacity 12251K, committed 12288K, reserved 1048576K
}
Event: 563.351 GC heap after
{Heap after GC invocations=41 (full 9):
 garbage-first heap   total 139264K, used 55646K [0x0000000380000000, 0x0000000800000000)
  region size 4096K, 0 young (0K), 0 survivors (0K)
 Metaspace       used 84295K, capacity 87507K, committed 87768K, reserved 1124352K
  class space    used 11077K, capacity 12249K, committed 12288K, reserved 1048576K
}
Event: 563.518 GC heap before
{Heap before GC invocations=41 (full 9):
 garbage-first heap   total 139264K, used 104798K [0x0000000380000000, 0x0000000800000000)
  region size 4096K, 12 young (49152K), 0 survivors (0K)
 Metaspace       used 84384K, capacity 87627K, committed 87896K, reserved 1124352K
  class space    used 11089K, capacity 12289K, committed 12416K, reserved 1048576K
}
Event: 563.520 GC heap after
{Heap after GC invocations=42 (full 9):
 garbage-first heap   total 139264K, used 58427K [0x0000000380000000, 0x0000000800000000)
  region size 4096K, 1 young (4096K), 1 survivors (4096K)
 Metaspace       used 84384K, capacity 87627K, committed 87896K, reserved 1124352K
  class space    used 11089K, capacity 12289K, committed 12416K, reserved 1048576K
}
Event: 563.612 GC heap before
{Heap before GC invocations=42 (full 9):
 garbage-first heap   total 139264K, used 99387K [0x0000000380000000, 0x0000000800000000)
  region size 4096K, 12 young (49152K), 1 survivors (4096K)
 Metaspace       used 84396K, capacity 87691K, committed 87896K, reserved 1124352K
  class space    used 11090K, capacity 12289K, committed 12416K, reserved 1048576K
}
Event: 563.614 GC heap after
{Heap after GC invocations=43 (full 9):
 garbage-first heap   total 139264K, used 59241K [0x0000000380000000, 0x0000000800000000)
  region size 4096K, 1 young (4096K), 1 survivors (4096K)
 Metaspace       used 84396K, capacity 87691K, committed 87896K, reserved 1124352K
  class space    used 11090K, capacity 12289K, committed 12416K, reserved 1048576K
}
Event: 563.779 GC heap before
{Heap before GC invocations=43 (full 9):
 garbage-first heap   total 139264K, used 100201K [0x0000000380000000, 0x0000000800000000)
  region size 4096K, 12 young (49152K), 1 survivors (4096K)
 Metaspace       used 84574K, capacity 87819K, committed 88152K, reserved 1124352K
  class space    used 11101K, capacity 12289K, committed 12416K, reserved 1048576K
}
Event: 563.781 GC heap after
{Heap after GC invocations=44 (full 9):
 garbage-first heap   total 139264K, used 60770K [0x0000000380000000, 0x0000000800000000)
  region size 4096K, 2 young (8192K), 2 survivors (8192K)
 Metaspace       used 84574K, capacity 87819K, committed 88152K, reserved 1124352K
  class space    used 11101K, capacity 12289K, committed 12416K, reserved 1048576K
}
Event: 563.908 GC heap before
{Heap before GC invocations=44 (full 9):
 garbage-first heap   total 139264K, used 101730K [0x0000000380000000, 0x0000000800000000)
  region size 4096K, 12 young (49152K), 2 survivors (8192K)
 Metaspace       used 84686K, capacity 87959K, committed 88152K, reserved 1124352K
  class space    used 11108K, capacity 12291K, committed 12416K, reserved 1048576K
}
Event: 563.912 GC heap after
{Heap after GC invocations=45 (full 9):
 garbage-first heap   total 139264K, used 62865K [0x0000000380000000, 0x0000000800000000)
  region size 4096K, 2 young (8192K), 2 survivors (8192K)
 Metaspace       used 84686K, capacity 87959K, committed 88152K, reserved 1124352K
  class space    used 11108K, capacity 12291K, committed 12416K, reserved 1048576K
}

