# JRE version: OpenJDK Runtime Environment AdoptOpenJDK-11.0.11+9 (11.0.11+9) (build 11.0.11+9)
# Java VM: OpenJDK 64-Bit Server VM AdoptOpenJDK-11.0.11+9 (11.0.11+9, mixed mode, tiered, compressed oops, g1 gc, bsd-amd64)
Heap:
 garbage-first heap   total 122880K, used 57951K [0x0000000380000000, 0x0000000800000000)
  region size 4096K, 4 young (16384K), 2 survivors (8192K)
 Metaspace       used 82485K, capacity 85452K, committed 85712K, reserved 1122304K
  class space    used 10887K, capacity 12015K, committed 12032K, reserved 1048576K
GC Heap History (20 events):
Event: 760.270 GC heap before
{Heap before GC invocations=25 (full 4):
 garbage-first heap   total 122880K, used 83157K [0x0000000380000000, 0x0000000800000000)
  region size 4096K, 12 young (49152K), 2 survivors (8192K)
 Metaspace       used 81408K, capacity 84215K, committed 84304K, reserved 1122304K
  class space    used 10775K, capacity 11857K, committed 11904K, reserved 1048576K
}
Event: 760.346 GC heap after
{Heap after GC invocations=26 (full 5):
 garbage-first heap   total 122880K, used 43615K [0x0000000380000000, 0x0000000800000000)
  region size 4096K, 0 young (0K), 0 survivors (0K)
 Metaspace       used 81400K, capacity 84203K, committed 84304K, reserved 1122304K
  class space    used 10774K, capacity 11855K, committed 11904K, reserved 1048576K
}
Event: 760.530 GC heap before
{Heap before GC invocations=26 (full 5):
 garbage-first heap   total 122880K, used 88671K [0x0000000380000000, 0x0000000800000000)
  region size 4096K, 12 young (49152K), 0 survivors (0K)
 Metaspace       used 81539K, capacity 84395K, committed 84688K, reserved 1122304K
  class space    used 10796K, capacity 11912K, committed 12032K, reserved 1048576K
}
Event: 760.533 GC heap after
{Heap after GC invocations=27 (full 5):
 garbage-first heap   total 122880K, used 46401K [0x0000000380000000, 0x0000000800000000)
  region size 4096K, 1 young (4096K), 1 survivors (4096K)
 Metaspace       used 81539K, capacity 84395K, committed 84688K, reserved 1122304K
  class space    used 10796K, capacity 11912K, committed 12032K, reserved 1048576K
}
Event: 760.639 GC heap before
{Heap before GC invocations=27 (full 5):
 garbage-first heap   total 122880K, used 87361K [0x0000000380000000, 0x0000000800000000)
  region size 4096K, 12 young (49152K), 1 survivors (4096K)
 Metaspace       used 81574K, capacity 84492K, committed 84688K, reserved 1122304K
  class space    used 10802K, capacity 11920K, committed 12032K, reserved 1048576K
}
Event: 760.641 GC heap after
{Heap after GC invocations=28 (full 5):
 garbage-first heap   total 122880K, used 47314K [0x0000000380000000, 0x0000000800000000)
  region size 4096K, 1 young (4096K), 1 survivors (4096K)
 Metaspace       used 81574K, capacity 84492K, committed 84688K, reserved 1122304K
  class space    used 10802K, capacity 11920K, committed 12032K, reserved 1048576K
}
Event: 760.808 GC heap before
{Heap before GC invocations=28 (full 5):
 garbage-first heap   total 122880K, used 88274K [0x0000000380000000, 0x0000000800000000)
  region size 4096K, 12 young (49152K), 1 survivors (4096K)
 Metaspace       used 81886K, capacity 84824K, committed 84944K, reserved 1122304K
  class space    used 10833K, capacity 11958K, committed 12032K, reserved 1048576K
}
Event: 760.811 GC heap after
{Heap after GC invocations=29 (full 5):
 garbage-first heap   total 122880K, used 48693K [0x0000000380000000, 0x0000000800000000)
  region size 4096K, 2 young (8192K), 2 survivors (8192K)
 Metaspace       used 81886K, capacity 84824K, committed 84944K, reserved 1122304K
  class space    used 10833K, capacity 11958K, committed 12032K, reserved 1048576K
}
Event: 760.940 GC heap before
{Heap before GC invocations=29 (full 5):
 garbage-first heap   total 122880K, used 89653K [0x0000000380000000, 0x0000000800000000)
  region size 4096K, 12 young (49152K), 2 survivors (8192K)
 Metaspace       used 82026K, capacity 84994K, committed 85200K, reserved 1122304K
  class space    used 10846K, capacity 11970K, committed 12032K, reserved 1048576K
}
Event: 760.943 GC heap after
{Heap after GC invocations=30 (full 5):
 garbage-first heap   total 122880K, used 50870K [0x0000000380000000, 0x0000000800000000)
  region size 4096K, 2 young (8192K), 2 survivors (8192K)
 Metaspace       used 82026K, capacity 84994K, committed 85200K, reserved 1122304K
  class space    used 10846K, capacity 11970K, committed 12032K, reserved 1048576K
}
Event: 781.449 GC heap before
{Heap before GC invocations=30 (full 5):
 garbage-first heap   total 122880K, used 54966K [0x0000000380000000, 0x0000000800000000)
  region size 4096K, 4 young (16384K), 2 survivors (8192K)
 Metaspace       used 82055K, capacity 85000K, committed 85200K, reserved 1122304K
  class space    used 10850K, capacity 11972K, committed 12032K, reserved 1048576K
}
Event: 781.529 GC heap after
{Heap after GC invocations=31 (full 6):
 garbage-first heap   total 122880K, used 46491K [0x0000000380000000, 0x0000000800000000)
  region size 4096K, 0 young (0K), 0 survivors (0K)
 Metaspace       used 82047K, capacity 84988K, committed 85200K, reserved 1122304K
  class space    used 10849K, capacity 11970K, committed 12032K, reserved 1048576K
}
Event: 781.708 GC heap before
{Heap before GC invocations=31 (full 6):
 garbage-first heap   total 122880K, used 95643K [0x0000000380000000, 0x0000000800000000)
  region size 4096K, 12 young (49152K), 0 survivors (0K)
 Metaspace       used 82138K, capacity 85108K, committed 85200K, reserved 1122304K
  class space    used 10862K, capacity 12010K, committed 12032K, reserved 1048576K
}
Event: 781.711 GC heap after
{Heap after GC invocations=32 (full 6):
 garbage-first heap   total 122880K, used 49111K [0x0000000380000000, 0x0000000800000000)
  region size 4096K, 1 young (4096K), 1 survivors (4096K)
 Metaspace       used 82138K, capacity 85108K, committed 85200K, reserved 1122304K
  class space    used 10862K, capacity 12010K, committed 12032K, reserved 1048576K
}
Event: 781.812 GC heap before
{Heap before GC invocations=32 (full 6):
 garbage-first heap   total 122880K, used 90071K [0x0000000380000000, 0x0000000800000000)
  region size 4096K, 12 young (49152K), 1 survivors (4096K)
 Metaspace       used 82155K, capacity 85178K, committed 85456K, reserved 1122304K
  class space    used 10864K, capacity 12011K, committed 12032K, reserved 1048576K
}
Event: 781.814 GC heap after
{Heap after GC invocations=33 (full 6):
 garbage-first heap   total 122880K, used 50071K [0x0000000380000000, 0x0000000800000000)
  region size 4096K, 1 young (4096K), 1 survivors (4096K)
 Metaspace       used 82155K, capacity 85178K, committed 85456K, reserved 1122304K
  class space    used 10864K, capacity 12011K, committed 12032K, reserved 1048576K
}
Event: 781.983 GC heap before
{Heap before GC invocations=33 (full 6):
 garbage-first heap   total 122880K, used 91031K [0x0000000380000000, 0x0000000800000000)
  region size 4096K, 12 young (49152K), 1 survivors (4096K)
 Metaspace       used 82377K, capacity 85376K, committed 85456K, reserved 1122304K
  class space    used 10877K, capacity 12012K, committed 12032K, reserved 1048576K
}
Event: 781.986 GC heap after
{Heap after GC invocations=34 (full 6):
 garbage-first heap   total 122880K, used 51561K [0x0000000380000000, 0x0000000800000000)
  region size 4096K, 2 young (8192K), 2 survivors (8192K)
 Metaspace       used 82377K, capacity 85376K, committed 85456K, reserved 1122304K
  class space    used 10877K, capacity 12012K, committed 12032K, reserved 1048576K
}
Event: 782.118 GC heap before
{Heap before GC invocations=34 (full 6):
 garbage-first heap   total 122880K, used 92521K [0x0000000380000000, 0x0000000800000000)
  region size 4096K, 12 young (49152K), 2 survivors (8192K)
 Metaspace       used 82452K, capacity 85446K, committed 85712K, reserved 1122304K
  class space    used 10882K, capacity 12013K, committed 12032K, reserved 1048576K
}
Event: 782.121 GC heap after
{Heap after GC invocations=35 (full 6):
 garbage-first heap   total 122880K, used 53855K [0x0000000380000000, 0x0000000800000000)
  region size 4096K, 2 young (8192K), 2 survivors (8192K)
 Metaspace       used 82452K, capacity 85446K, committed 85712K, reserved 1122304K
  class space    used 10882K, capacity 12013K, committed 12032K, reserved 1048576K
}

